<?xml version="1.0" encoding="UTF-8"?>
<testsuite xmlns:xsi="http://www.w3.org/2001/XMLSchema-instance" xsi:noNamespaceSchemaLocation="https://maven.apache.org/surefire/maven-surefire-plugin/xsd/surefire-test-report.xsd" version="3.0.2" name="cl.duoc.innovatech.ms_analitica.MsAnaliticaApplicationTests" time="3.858" tests="1" errors="0" skipped="0" failures="0" flakes="0">
  <properties>
[...]
</properties>
  <testcase name="contextLoads" classname="cl.duoc.innovatech.ms_analitica.MsAnaliticaApplicationTests" time="0.004">
    <system-out><![CDATA[2026-06-15T00:36:46.195-04:00  INFO 5304 --- [ms-analitica] [           main] t.c.s.AnnotationConfigContextLoaderUtils : Could not detect default configuration classes for test class [cl.duoc.innovatech.ms_analitica.MsAnaliticaApplicationTests]: MsAnaliticaApplicationTests does not declare any static, non-private, non-final, nested classes annotated with @Configuration.
2026-06-15T00:36:46.203-04:00  INFO 5304 --- [ms-analitica] [           main] .b.t.c.SpringBootTestContextBootstrapper : Found @SpringBootConfiguration cl.duoc.innovatech.ms_analitica.MsAnaliticaApplication for test class cl.duoc.innovatech.ms_analitica.MsAnaliticaApplicationTests
2026-06-15T00:36:46.208-04:00  INFO 5304 --- [ms-analitica] [           main] o.s.b.d.r.RestartApplicationListener     : Restart disabled due to context in which it is running

  .   ____          _            __ _ _
 /\\ / ___'_ __ _ _(_)_ __  __ _ \ \ \ \
( ( )\___ | '_ | '_| | '_ \/ _` | \ \ \ \
 \\/  ___)| |_)| | | | | || (_| |  ) ) ) )
  '  |____| .__|_| |_|_| |_\__, | / / / /
 =========|_|==============|___/=/_/_/_/

 :: Spring Boot ::               (v3.5.14)

2026-06-15T00:36:46.229-04:00  INFO 5304 --- [ms-analitica] [           main] c.d.i.m.MsAnaliticaApplicationTests      : Starting MsAnaliticaApplicationTests using Java 25.0.3 with PID 5304 (started by karla in C:\Users\karla\Downloads\innovatech\ms-analitica)
2026-06-15T00:36:46.230-04:00 DEBUG 5304 --- [ms-analitica] [           main] c.d.i.m.MsAnaliticaApplicationTests      : Running with Spring Boot v3.5.14, Spring v6.2.18
2026-06-15T00:36:46.230-04:00  INFO 5304 --- [ms-analitica] [           main] c.d.i.m.MsAnaliticaApplicationTests      : The following 1 profile is active: "test"
2026-06-15T00:36:46.656-04:00  INFO 5304 --- [ms-analitica] [           main] .s.d.r.c.RepositoryConfigurationDelegate : Bootstrapping Spring Data JPA repositories in DEFAULT mode.
2026-06-15T00:36:46.702-04:00  INFO 5304 --- [ms-analitica] [           main] .s.d.r.c.RepositoryConfigurationDelegate : Finished Spring Data repository scanning in 38 ms. Found 2 JPA repository interfaces.
2026-06-15T00:36:46.980-04:00  INFO 5304 --- [ms-analitica] [           main] com.zaxxer.hikari.HikariDataSource       : HikariPool-1 - Starting...
2026-06-15T00:36:47.335-04:00  INFO 5304 --- [ms-analitica] [           main] com.zaxxer.hikari.pool.HikariPool        : HikariPool-1 - Added connection conn0: url=jdbc:h2:mem:testdb user=SA
2026-06-15T00:36:47.337-04:00  INFO 5304 --- [ms-analitica] [           main] com.zaxxer.hikari.HikariDataSource       : HikariPool-1 - Start completed.
2026-06-15T00:36:47.461-04:00  INFO 5304 --- [ms-analitica] [           main] o.hibernate.jpa.internal.util.LogHelper  : HHH000204: Processing PersistenceUnitInfo [name: default]
2026-06-15T00:36:47.543-04:00  INFO 5304 --- [ms-analitica] [           main] org.hibernate.Version                    : HHH000412: Hibernate ORM core version 6.6.49.Final
2026-06-15T00:36:47.589-04:00  INFO 5304 --- [ms-analitica] [           main] o.h.c.internal.RegionFactoryInitiator    : HHH000026: Second-level cache disabled
2026-06-15T00:36:47.775-04:00  INFO 5304 --- [ms-analitica] [           main] o.s.o.j.p.SpringPersistenceUnitInfo      : No LoadTimeWeaver setup: ignoring JPA class transformer
2026-06-15T00:36:47.869-04:00  WARN 5304 --- [ms-analitica] [           main] org.hibernate.dialect.Dialect            : HHH000511: The 2.3.232 version for [org.hibernate.dialect.MySQLDialect] is no longer supported, hence certain features may not work properly. The minimum supported version is 8.0.0. Check the community dialects project for available legacy versions.
2026-06-15T00:36:47.874-04:00  WARN 5304 --- [ms-analitica] [           main] org.hibernate.orm.deprecation            : HHH90000025: MySQLDialect does not need to be specified explicitly using 'hibernate.dialect' (remove the property setting and it will be selected by default)
2026-06-15T00:36:47.893-04:00  INFO 5304 --- [ms-analitica] [           main] org.hibernate.orm.connections.pooling    : HHH10001005: Database info:
	Database JDBC URL [Connecting through datasource 'HikariDataSource (HikariPool-1)']
	Database driver: undefined/unknown
	Database version: 2.3.232
	Autocommit mode: undefined/unknown
	Isolation level: undefined/unknown
	Minimum pool size: undefined/unknown
	Maximum pool size: undefined/unknown
2026-06-15T00:36:48.797-04:00  INFO 5304 --- [ms-analitica] [           main] o.h.e.t.j.p.i.JtaPlatformInitiator       : HHH000489: No JTA platform available (set 'hibernate.transaction.jta.platform' to enable JTA platform integration)
2026-06-15T00:36:48.801-04:00  INFO 5304 --- [ms-analitica] [           main] j.LocalContainerEntityManagerFactoryBean : Initialized JPA EntityManagerFactory for persistence unit 'default'
2026-06-15T00:36:49.089-04:00  INFO 5304 --- [ms-analitica] [           main] o.s.d.j.r.query.QueryEnhancerFactory     : Hibernate is in classpath; If applicable, HQL parser will be used.
2026-06-15T00:36:49.859-04:00  WARN 5304 --- [ms-analitica] [           main] JpaBaseConfiguration$JpaWebConfiguration : spring.jpa.open-in-view is enabled by default. Therefore, database queries may be performed during view rendering. Explicitly configure spring.jpa.open-in-view to disable this warning
2026-06-15T00:36:50.045-04:00  INFO 5304 --- [ms-analitica] [           main] c.d.i.m.MsAnaliticaApplicationTests      : Started MsAnaliticaApplicationTests in 3.838 seconds (process running for 9.164)
]]></system-out>
  </testcase>
</testsuite>