<?xml version="1.0" encoding="UTF-8"?>
<testsuite xmlns:xsi="http://www.w3.org/2001/XMLSchema-instance" xsi:noNamespaceSchemaLocation="https://maven.apache.org/surefire/maven-surefire-plugin/xsd/surefire-test-report.xsd" version="3.0.2" name="cl.duoc.innovatech.bff_innovatech.service.RecursosBffServiceImplTest" time="0.063" tests="11" errors="0" skipped="0" failures="0" flakes="0">
  <properties>
[...]
</properties>
  <testcase name="listarAsignaciones_debeRetornarLista" classname="RecursosBffServiceImpl - Pruebas Unitarias" time="0.01">
    <system-out><![CDATA[2026-06-15T00:36:41.460-04:00  INFO 38192 --- [bff-innovatech-test] [           main] c.d.i.b.s.impl.RecursosBffServiceImpl    : BFF → ms-recursos: listar asignaciones
]]></system-out>
  </testcase>
  <testcase name="obtenerEmpleadoPorId_lanzaExcepcionSiNoExiste" classname="RecursosBffServiceImpl - Pruebas Unitarias" time="0.005">
    <system-out><![CDATA[2026-06-15T00:36:41.467-04:00  INFO 38192 --- [bff-innovatech-test] [           main] c.d.i.b.s.impl.RecursosBffServiceImpl    : BFF → ms-recursos: obtener empleado id=999
]]></system-out>
  </testcase>
  <testcase name="eliminarEmpleado_debeInvocarCliente" classname="RecursosBffServiceImpl - Pruebas Unitarias" time="0.007">
    <system-out><![CDATA[2026-06-15T00:36:41.476-04:00  INFO 38192 --- [bff-innovatech-test] [           main] c.d.i.b.s.impl.RecursosBffServiceImpl    : BFF → ms-recursos: eliminar empleado id=1
]]></system-out>
  </testcase>
  <testcase name="crearAsignacion_debeRetornarAsignacionCreada" classname="RecursosBffServiceImpl - Pruebas Unitarias" time="0.004">
    <system-out><![CDATA[2026-06-15T00:36:41.481-04:00  INFO 38192 --- [bff-innovatech-test] [           main] c.d.i.b.s.impl.RecursosBffServiceImpl    : BFF → ms-recursos: crear asignación empleado=1 proyecto=5
]]></system-out>
  </testcase>
  <testcase name="crearEmpleado_debeRetornarEmpleadoCreado" classname="RecursosBffServiceImpl - Pruebas Unitarias" time="0.004">
    <system-out><![CDATA[2026-06-15T00:36:41.486-04:00  INFO 38192 --- [bff-innovatech-test] [           main] c.d.i.b.s.impl.RecursosBffServiceImpl    : BFF → ms-recursos: crear empleado 'karla@innovatech.cl'
]]></system-out>
  </testcase>
  <testcase name="obtenerResumen_debeRetornarTotales" classname="RecursosBffServiceImpl - Pruebas Unitarias" time="0.003">
    <system-out><![CDATA[2026-06-15T00:36:41.491-04:00  INFO 38192 --- [bff-innovatech-test] [           main] c.d.i.b.s.impl.RecursosBffServiceImpl    : BFF → ms-recursos: resumen de recursos
]]></system-out>
  </testcase>
  <testcase name="obtenerEmpleadoPorId_debeRetornarEmpleado" classname="RecursosBffServiceImpl - Pruebas Unitarias" time="0.003">
    <system-out><![CDATA[2026-06-15T00:36:41.495-04:00  INFO 38192 --- [bff-innovatech-test] [           main] c.d.i.b.s.impl.RecursosBffServiceImpl    : BFF → ms-recursos: obtener empleado id=1
]]></system-out>
  </testcase>
  <testcase name="desactivarAsignacion_debeInvocarCliente" classname="RecursosBffServiceImpl - Pruebas Unitarias" time="0.004">
    <system-out><![CDATA[2026-06-15T00:36:41.499-04:00  INFO 38192 --- [bff-innovatech-test] [           main] c.d.i.b.s.impl.RecursosBffServiceImpl    : BFF → ms-recursos: desactivar asignación id=10
]]></system-out>
  </testcase>
  <testcase name="listarEmpleados_debeRetornarLista" classname="RecursosBffServiceImpl - Pruebas Unitarias" time="0.003">
    <system-out><![CDATA[2026-06-15T00:36:41.504-04:00  INFO 38192 --- [bff-innovatech-test] [           main] c.d.i.b.s.impl.RecursosBffServiceImpl    : BFF → ms-recursos: listar empleados
]]></system-out>
  </testcase>
  <testcase name="actualizarEmpleado_debeDelegarAlCliente" classname="RecursosBffServiceImpl - Pruebas Unitarias" time="0.003">
    <system-out><![CDATA[2026-06-15T00:36:41.507-04:00  INFO 38192 --- [bff-innovatech-test] [           main] c.d.i.b.s.impl.RecursosBffServiceImpl    : BFF → ms-recursos: actualizar empleado id=1
]]></system-out>
  </testcase>
  <testcase name="actualizarDisponibilidad_debeCambiarEstado" classname="RecursosBffServiceImpl - Pruebas Unitarias" time="0.003">
    <system-out><![CDATA[2026-06-15T00:36:41.510-04:00  INFO 38192 --- [bff-innovatech-test] [           main] c.d.i.b.s.impl.RecursosBffServiceImpl    : BFF → ms-recursos: disponibilidad empleado id=1 => OCUPADO
]]></system-out>
  </testcase>
</testsuite>