<?xml version="1.0" encoding="UTF-8"?>
<testsuite xmlns:xsi="http://www.w3.org/2001/XMLSchema-instance" xsi:noNamespaceSchemaLocation="https://maven.apache.org/surefire/maven-surefire-plugin/xsd/surefire-test-report.xsd" version="3.0.2" name="cl.duoc.innovatech.bff_innovatech.service.ProyectoBffServiceImplTest" time="0.049" tests="8" errors="0" skipped="0" failures="0" flakes="0">
  <properties>
[...]
</properties>
  <testcase name="crear_debeRetornarProyectoCreado" classname="ProyectoBffServiceImpl - Pruebas Unitarias" time="0.002">
    <system-out><![CDATA[2026-07-10T01:29:02.316-04:00  INFO 24004 --- [bff-innovatech-test] [           main] c.d.i.b.s.impl.ProyectoBffServiceImpl    : BFF ? ms-proyectos: crear proyecto 'Sistema CRM'
]]></system-out>
  </testcase>
  <testcase name="listarPorEstado_debeRetornarProyectosFiltrados" classname="ProyectoBffServiceImpl - Pruebas Unitarias" time="0.006">
    <system-out><![CDATA[2026-07-10T01:29:02.316-04:00  INFO 24004 --- [bff-innovatech-test] [           main] c.d.i.b.s.impl.ProyectoBffServiceImpl    : BFF ? ms-proyectos: listar por estado=EN_PROGRESO
]]></system-out>
  </testcase>
  <testcase name="actualizar_debeRetornarProyectoActualizado" classname="ProyectoBffServiceImpl - Pruebas Unitarias" time="0.0">
    <system-out><![CDATA[2026-07-10T01:29:02.323-04:00  INFO 24004 --- [bff-innovatech-test] [           main] c.d.i.b.s.impl.ProyectoBffServiceImpl    : BFF ? ms-proyectos: actualizar id=1
]]></system-out>
  </testcase>
  <testcase name="listar_debeRetornarListaVacia" classname="ProyectoBffServiceImpl - Pruebas Unitarias" time="0.004">
    <system-out><![CDATA[2026-07-10T01:29:02.330-04:00  INFO 24004 --- [bff-innovatech-test] [           main] c.d.i.b.s.impl.ProyectoBffServiceImpl    : BFF ? ms-proyectos: listar todos
]]></system-out>
  </testcase>
  <testcase name="obtenerPorId_lanzaExcepcionSiNoExiste" classname="ProyectoBffServiceImpl - Pruebas Unitarias" time="0.006">
    <system-out><![CDATA[2026-07-10T01:29:02.338-04:00  INFO 24004 --- [bff-innovatech-test] [           main] c.d.i.b.s.impl.ProyectoBffServiceImpl    : BFF ? ms-proyectos: obtener id=99
]]></system-out>
  </testcase>
  <testcase name="listar_debeRetornarListaProyectos" classname="ProyectoBffServiceImpl - Pruebas Unitarias" time="0.0">
    <system-out><![CDATA[2026-07-10T01:29:02.342-04:00  INFO 24004 --- [bff-innovatech-test] [           main] c.d.i.b.s.impl.ProyectoBffServiceImpl    : BFF ? ms-proyectos: listar todos
]]></system-out>
  </testcase>
  <testcase name="obtenerPorId_debeRetornarProyecto" classname="ProyectoBffServiceImpl - Pruebas Unitarias" time="0.004">
    <system-out><![CDATA[2026-07-10T01:29:02.348-04:00  INFO 24004 --- [bff-innovatech-test] [           main] c.d.i.b.s.impl.ProyectoBffServiceImpl    : BFF ? ms-proyectos: obtener id=1
]]></system-out>
  </testcase>
  <testcase name="eliminar_debeInvocarClienteEliminar" classname="ProyectoBffServiceImpl - Pruebas Unitarias" time="0.008">
    <system-out><![CDATA[2026-07-10T01:29:02.356-04:00  INFO 24004 --- [bff-innovatech-test] [           main] c.d.i.b.s.impl.ProyectoBffServiceImpl    : BFF ? ms-proyectos: eliminar id=1
]]></system-out>
  </testcase>
</testsuite>