<?xml version="1.0" encoding="UTF-8"?>
<testsuite xmlns:xsi="http://www.w3.org/2001/XMLSchema-instance" xsi:noNamespaceSchemaLocation="https://maven.apache.org/surefire/maven-surefire-plugin/xsd/surefire-test-report.xsd" version="3.0.2" name="cl.duoc.innovatech.bff_innovatech.BffInnovatechApplicationTests" time="4.574" tests="1" errors="0" skipped="0" failures="0" flakes="0">
  <properties>
[...]
</properties>
  <testcase name="contextLoads" classname="cl.duoc.innovatech.bff_innovatech.BffInnovatechApplicationTests" time="1.068">
    <system-out><![CDATA[00:36:34.676 [main] INFO org.springframework.test.context.support.AnnotationConfigContextLoaderUtils -- Could not detect default configuration classes for test class [cl.duoc.innovatech.bff_innovatech.BffInnovatechApplicationTests]: BffInnovatechApplicationTests does not declare any static, non-private, non-final, nested classes annotated with @Configuration.
00:36:34.904 [main] INFO org.springframework.boot.test.context.SpringBootTestContextBootstrapper -- Found @SpringBootConfiguration cl.duoc.innovatech.bff_innovatech.BffInnovatechApplication for test class cl.duoc.innovatech.bff_innovatech.BffInnovatechApplicationTests
00:36:35.177 [main] INFO org.springframework.boot.devtools.restart.RestartApplicationListener -- Restart disabled due to context in which it is running

  .   ____          _            __ _ _
 /\\ / ___'_ __ _ _(_)_ __  __ _ \ \ \ \
( ( )\___ | '_ | '_| | '_ \/ _` | \ \ \ \
 \\/  ___)| |_)| | | | | || (_| |  ) ) ) )
  '  |____| .__|_| |_|_| |_\__, | / / / /
 =========|_|==============|___/=/_/_/_/

 :: Spring Boot ::               (v3.5.14)

2026-06-15T00:36:35.580-04:00  INFO 38192 --- [bff-innovatech-test] [           main] c.d.i.b.BffInnovatechApplicationTests    : Starting BffInnovatechApplicationTests using Java 25.0.3 with PID 38192 (started by karla in C:\Users\karla\Downloads\innovatech\bff-innovatech)
2026-06-15T00:36:35.582-04:00 DEBUG 38192 --- [bff-innovatech-test] [           main] c.d.i.b.BffInnovatechApplicationTests    : Running with Spring Boot v3.5.14, Spring v6.2.18
2026-06-15T00:36:35.584-04:00  INFO 38192 --- [bff-innovatech-test] [           main] c.d.i.b.BffInnovatechApplicationTests    : No active profile set, falling back to 1 default profile: "default"
2026-06-15T00:36:37.836-04:00  INFO 38192 --- [bff-innovatech-test] [           main] c.d.i.b.BffInnovatechApplicationTests    : Started BffInnovatechApplicationTests in 2.677 seconds (process running for 4.319)
]]></system-out>
    <system-err><![CDATA[Mockito is currently self-attaching to enable the inline-mock-maker. This will no longer work in future releases of the JDK. Please add Mockito as an agent to your build as described in Mockito's documentation: https://javadoc.io/doc/org.mockito/mockito-core/latest/org.mockito/org/mockito/Mockito.html#0.3
WARNING: A Java agent has been loaded dynamically (C:\Users\karla\.m2\repository\net\bytebuddy\byte-buddy-agent\1.17.8\byte-buddy-agent-1.17.8.jar)
WARNING: If a serviceability tool is in use, please run with -XX:+EnableDynamicAgentLoading to hide this warning
WARNING: If a serviceability tool is not in use, please run with -Djdk.instrument.traceUsage for more information
WARNING: Dynamic loading of agents will be disallowed by default in a future release
]]></system-err>
  </testcase>
</testsuite>